* using log directory 'C:/PCB_data/Github/pmp/pmp.Rcheck'
* using R version 3.4.4 (2018-03-15)
* using platform: x86_64-w64-mingw32 (64-bit)
* using session charset: ISO8859-1
* checking for file 'pmp/DESCRIPTION' ... OK
* checking extension type ... Package
* this is package 'pmp' version '0.1.0'
* package encoding: UTF-8
* checking package namespace information ... OK
* checking package dependencies ... OK
* checking if this is a source package ... OK
* checking if there is a namespace ... OK
* checking for executable files ... OK
* checking for hidden files and directories ... NOTE
Found the following hidden files and directories:
  .Rhistory
These were most likely included in error. See section 'Package
structure' in the 'Writing R Extensions' manual.
* checking for portable file names ... OK
* checking whether package 'pmp' can be installed ... OK
* checking installed package size ... OK
* checking package directory ... OK
* checking DESCRIPTION meta-information ... NOTE
Checking should be performed on sources prepared by 'R CMD build'.
* checking top-level files ... OK
* checking for left-over files ... OK
* checking index information ... OK
* checking package subdirectories ... OK
* checking R files for non-ASCII characters ... OK
* checking R files for syntax errors ... OK
* checking whether the package can be loaded ... OK
* checking whether the package can be loaded with stated dependencies ... OK
* checking whether the package can be unloaded cleanly ... OK
* checking whether the namespace can be loaded with stated dependencies ... OK
* checking whether the namespace can be unloaded cleanly ... OK
* checking dependencies in R code ... NOTE
Namespaces in Imports field not imported from:
  'codetools' 'gridExtra'
  All declared Imports should be used.
* checking S3 generic/method consistency ... OK
* checking replacement functions ... OK
* checking foreign function calls ... OK
* checking R code for possible problems ... NOTE
createClassAndColors: no visible global function definition for
  'rainbow'
Undefined global functions or variables:
  rainbow
Consider adding
  importFrom("grDevices", "rainbow")
to your NAMESPACE file.
* checking Rd files ... OK
* checking Rd metadata ... OK
* checking Rd cross-references ... OK
* checking for missing documentation entries ... OK
* checking for code/documentation mismatches ... WARNING
Codoc mismatches from documentation object 'mv_imputation':
mv_imputation
  Code: function(df, method, k = 10, rowmax = 0.5, colmax = 0.5, maxp =
                 1500)
  Docs: function(df, method, k = 10, rowmax = 0.5, colmax = 0.5)
  Argument names in code not in docs:
    maxp

* checking Rd \usage sections ... OK
* checking Rd contents ... OK
* checking for unstated dependencies in examples ... OK
* checking examples ... NONE
* checking PDF version of manual ... OK
* DONE
Status: 1 WARNING, 4 NOTEs
